Start testing: May 26 15:34 CEST
----------------------------------------------------------
1/3 Testing: CANBusTest.OpenSocket
1/3 Test: CANBusTest.OpenSocket
Command: "/mnt/data/Codes/canbus-interface/build/test_CANBus" "--gtest_filter=CANBusTest.OpenSocket" "--gtest_also_run_disabled_tests"
Directory: /mnt/data/Codes/canbus-interface/build
"CANBusTest.OpenSocket" start time: May 26 15:34 CEST
Output:
----------------------------------------------------------
Running main() from /mnt/data/Codes/canbus-interface/build/_deps/googletest-src/googletest/src/gtest_main.cc
Note: Google Test filter = CANBusTest.OpenSocket
[==========] Running 1 test from 1 test suite.
[----------] Global test environment set-up.
[----------] 1 test from CANBusTest
[ RUN      ] CANBusTest.OpenSocket
/mnt/data/Codes/canbus-interface/tests/test_CANBus.cpp:6: Failure
Expected: can.open() doesn't throw an exception.
  Actual: it throws std::runtime_error with description "Failed to open can0 and vcan0: No such device".
[  FAILED  ] CANBusTest.OpenSocket (0 ms)
[----------] 1 test from CANBusTest (0 ms total)

[----------] Global test environment tear-down
[==========] 1 test from 1 test suite ran. (0 ms total)
[  PASSED  ] 0 tests.
[  FAILED  ] 1 test, listed below:
[  FAILED  ] CANBusTest.OpenSocket

 1 FAILED TEST
<end of output>
Test time =   0.00 sec
----------------------------------------------------------
Test Failed.
"CANBusTest.OpenSocket" end time: May 26 15:34 CEST
"CANBusTest.OpenSocket" time elapsed: 00:00:00
----------------------------------------------------------

2/3 Testing: CANBusTest.SendMessage
2/3 Test: CANBusTest.SendMessage
Command: "/mnt/data/Codes/canbus-interface/build/test_CANBus" "--gtest_filter=CANBusTest.SendMessage" "--gtest_also_run_disabled_tests"
Directory: /mnt/data/Codes/canbus-interface/build
"CANBusTest.SendMessage" start time: May 26 15:34 CEST
Output:
----------------------------------------------------------
Running main() from /mnt/data/Codes/canbus-interface/build/_deps/googletest-src/googletest/src/gtest_main.cc
Note: Google Test filter = CANBusTest.SendMessage
[==========] Running 1 test from 1 test suite.
[----------] Global test environment set-up.
[----------] 1 test from CANBusTest
[ RUN      ] CANBusTest.SendMessage
unknown file: Failure
C++ exception with description "Failed to open can0 and vcan0: No such device" thrown in the test body.
[  FAILED  ] CANBusTest.SendMessage (0 ms)
[----------] 1 test from CANBusTest (0 ms total)

[----------] Global test environment tear-down
[==========] 1 test from 1 test suite ran. (0 ms total)
[  PASSED  ] 0 tests.
[  FAILED  ] 1 test, listed below:
[  FAILED  ] CANBusTest.SendMessage

 1 FAILED TEST
<end of output>
Test time =   0.00 sec
----------------------------------------------------------
Test Failed.
"CANBusTest.SendMessage" end time: May 26 15:34 CEST
"CANBusTest.SendMessage" time elapsed: 00:00:00
----------------------------------------------------------

3/3 Testing: CANBusTest.ToFrameAndToString
3/3 Test: CANBusTest.ToFrameAndToString
Command: "/mnt/data/Codes/canbus-interface/build/test_CANBus" "--gtest_filter=CANBusTest.ToFrameAndToString" "--gtest_also_run_disabled_tests"
Directory: /mnt/data/Codes/canbus-interface/build
"CANBusTest.ToFrameAndToString" start time: May 26 15:34 CEST
Output:
----------------------------------------------------------
Running main() from /mnt/data/Codes/canbus-interface/build/_deps/googletest-src/googletest/src/gtest_main.cc
Note: Google Test filter = CANBusTest.ToFrameAndToString
[==========] Running 1 test from 1 test suite.
[----------] Global test environment set-up.
[----------] 1 test from CANBusTest
[ RUN      ] CANBusTest.ToFrameAndToString
/mnt/data/Codes/canbus-interface/tests/test_CANBus.cpp:20: Failure
Expected equality of these values:
  msg
    Which is: "123#DEADBEEF"
  result
    Which is: "123#deadbeef"
[  FAILED  ] CANBusTest.ToFrameAndToString (0 ms)
[----------] 1 test from CANBusTest (0 ms total)

[----------] Global test environment tear-down
[==========] 1 test from 1 test suite ran. (0 ms total)
[  PASSED  ] 0 tests.
[  FAILED  ] 1 test, listed below:
[  FAILED  ] CANBusTest.ToFrameAndToString

 1 FAILED TEST
<end of output>
Test time =   0.00 sec
----------------------------------------------------------
Test Failed.
"CANBusTest.ToFrameAndToString" end time: May 26 15:34 CEST
"CANBusTest.ToFrameAndToString" time elapsed: 00:00:00
----------------------------------------------------------

End testing: May 26 15:34 CEST
